<?xml version="1.0" encoding="UTF-8"?>
<!-- Generated by org.testng.reporters.JUnitXMLReporter -->
<testsuite ignored="0" hostname="DESKTOP-AELALK6" failures="0" tests="3" name="Surefire test" time="102.356" errors="0" timestamp="2024-06-01T21:11:15 IST">
  <testcase classname="testcases.LoginTest" name="LogiFailureTest" time="17.115"/>
  <testcase classname="testcases.LoginTest" name="LoginSuccessTest" time="14.227"/>
  <testcase classname="testcases.LoginTest" name="LoginSuccessTest1" time="14.631"/>
</testsuite> <!-- Surefire test -->
