<?xml version="1.0" encoding="UTF-8"?>
<testng-results ignored="0" total="3" passed="3" failed="0" skipped="0">
  <reporter-output>
  </reporter-output>
  <suite started-at="2024-06-01T21:09:32 IST" name="Surefire suite" finished-at="2024-06-01T21:11:14 IST" duration-ms="102356">
    <groups>
    </groups>
    <test started-at="2024-06-01T21:09:32 IST" name="Surefire test" finished-at="2024-06-01T21:11:14 IST" duration-ms="102356">
      <class name="testcases.LoginTest">
        <test-method is-config="true" signature="SetUp()[pri:0, instance:testcases.LoginTest@7690781]" started-at="2024-06-01T21:09:32 IST" name="SetUp" finished-at="2024-06-01T21:09:55 IST" duration-ms="22442" status="PASS">
          <reporter-output>
          </reporter-output>
        </test-method> <!-- SetUp -->
        <test-method signature="LogiFailureTest()[pri:0, instance:testcases.LoginTest@7690781]" started-at="2024-06-01T21:09:55 IST" name="LogiFailureTest" finished-at="2024-06-01T21:10:12 IST" duration-ms="17115" status="PASS">
          <reporter-output>
          </reporter-output>
        </test-method> <!-- LogiFailureTest -->
        <test-method is-config="true" signature="QuitBrowser()[pri:0, instance:testcases.LoginTest@7690781]" started-at="2024-06-01T21:10:12 IST" name="QuitBrowser" finished-at="2024-06-01T21:10:15 IST" duration-ms="2849" status="PASS">
          <reporter-output>
          </reporter-output>
        </test-method> <!-- QuitBrowser -->
        <test-method is-config="true" signature="SetUp()[pri:0, instance:testcases.LoginTest@7690781]" started-at="2024-06-01T21:10:15 IST" name="SetUp" finished-at="2024-06-01T21:10:28 IST" duration-ms="13731" status="PASS">
          <reporter-output>
          </reporter-output>
        </test-method> <!-- SetUp -->
        <test-method signature="LoginSuccessTest()[pri:0, instance:testcases.LoginTest@7690781]" started-at="2024-06-01T21:10:28 IST" name="LoginSuccessTest" finished-at="2024-06-01T21:10:43 IST" duration-ms="14227" status="PASS">
          <reporter-output>
          </reporter-output>
        </test-method> <!-- LoginSuccessTest -->
        <test-method is-config="true" signature="QuitBrowser()[pri:0, instance:testcases.LoginTest@7690781]" started-at="2024-06-01T21:10:43 IST" name="QuitBrowser" finished-at="2024-06-01T21:10:45 IST" duration-ms="2765" status="PASS">
          <reporter-output>
          </reporter-output>
        </test-method> <!-- QuitBrowser -->
        <test-method is-config="true" signature="SetUp()[pri:0, instance:testcases.LoginTest@7690781]" started-at="2024-06-01T21:10:45 IST" name="SetUp" finished-at="2024-06-01T21:10:58 IST" duration-ms="12405" status="PASS">
          <reporter-output>
          </reporter-output>
        </test-method> <!-- SetUp -->
        <test-method signature="LoginSuccessTest1()[pri:0, instance:testcases.LoginTest@7690781]" started-at="2024-06-01T21:10:58 IST" name="LoginSuccessTest1" finished-at="2024-06-01T21:11:13 IST" duration-ms="14631" status="PASS">
          <reporter-output>
          </reporter-output>
        </test-method> <!-- LoginSuccessTest1 -->
        <test-method is-config="true" signature="QuitBrowser()[pri:0, instance:testcases.LoginTest@7690781]" started-at="2024-06-01T21:11:13 IST" name="QuitBrowser" finished-at="2024-06-01T21:11:14 IST" duration-ms="1961" status="PASS">
          <reporter-output>
          </reporter-output>
        </test-method> <!-- QuitBrowser -->
      </class> <!-- testcases.LoginTest -->
    </test> <!-- Surefire test -->
  </suite> <!-- Surefire suite -->
</testng-results>
